#
# There is insufficient memory for the Java Runtime Environment to continue.
# Native memory allocation (malloc) failed to allocate 1048576 bytes for AllocateHeap
# Possible reasons:
#   The system is out of physical RAM or swap space
#   The process is running with CompressedOops enabled, and the Java Heap may be blocking the growth of the native heap
# Possible solutions:
#   Reduce memory load on the system
#   Increase physical memory or swap space
#   Check if swap backing store is full
#   Decrease Java heap size (-Xmx/-Xms)
#   Decrease number of Java threads
#   Decrease Java thread stack sizes (-Xss)
#   Set larger code cache with -XX:ReservedCodeCacheSize=
#   JVM is running with Unscaled Compressed Oops mode in which the Java heap is
#     placed in the first 4GB address space. The Java Heap base address is the
#     maximum limit for the native heap growth. Please use -XX:HeapBaseMinAddress
#     to set the Java Heap base and to place the Java Heap above 4GB virtual address.
# This output file may be truncated or incomplete.
#
#  Out of Memory Error (./open/src/hotspot/share/memory/allocation.cpp:44), pid=948, tid=8772
#
# JRE version:  (15.0.2+7) (build )
# Java VM: Java HotSpot(TM) 64-Bit Server VM (15.0.2+7-27, mixed mode, sharing, tiered, compressed oops, g1 gc, windows-amd64)
# No core dump will be written. Minidumps are not enabled by default on client versions of Windows
#

---------------  S U M M A R Y ------------

Command Line: -Dfile.encoding=UTF-8 --module-path=C:\Users\USUARIOWIN\Documents\NetBeansProjects\Actividad3AlexRios66668\build\classes actividad3alexrios66668.Actividad3AlexRios66668

Host: AMD E1-1500 APU with Radeon(tm) HD Graphics, 2 cores, 3G,  Windows 10 , 64 bit Build 18362 (10.0.18362.1500)
Time: Fri Apr 30 01:07:00 2021 Hora de verano central (México) elapsed time: 0.139284 seconds (0d 0h 0m 0s)

---------------  T H R E A D  ---------------

Current thread (0x0000017c060dfca0):  JavaThread "Unknown thread" [_thread_in_vm, id=8772, stack(0x0000003418d00000,0x0000003418e00000)]

Stack: [0x0000003418d00000,0x0000003418e00000]
Native frames: (J=compiled Java code, j=interpreted, Vv=VM code, C=native code)
V  [jvm.dll+0x62ae9a]
V  [jvm.dll+0x7817a9]
V  [jvm.dll+0x782f03]
V  [jvm.dll+0x783563]
V  [jvm.dll+0x216325]
V  [jvm.dll+0x8ebb2]
V  [jvm.dll+0x2a2604]
V  [jvm.dll+0x75e20c]
V  [jvm.dll+0x3341c4]
V  [jvm.dll+0x73e926]
V  [jvm.dll+0x3b7557]
V  [jvm.dll+0x3b8fe1]
C  [jli.dll+0x52fb]
C  [ucrtbase.dll+0x210b2]
C  [KERNEL32.DLL+0x17c24]
C  [ntdll.dll+0x6d721]


---------------  P R O C E S S  ---------------

Threads class SMR info:
_java_thread_list=0x00007ffeacd94ff0, length=0, elements={
}

Java Threads: ( => current thread )

Other Threads:

=>0x0000017c060dfca0 (exited) JavaThread "Unknown thread" [_thread_in_vm, id=8772, stack(0x0000003418d00000,0x0000003418e00000)]

Threads with active compile tasks:

VM state: not at safepoint (not fully initialized)

VM Mutex/Monitor currently owned by a thread: None

Heap address: 0x0000000000000000, size: 0 MB, Compressed Oops mode: 32-bit
CDS archive(s) mapped at: [0x0000000000000000-0x0000000000000000-0x0000000000000000), size 0, SharedBaseAddress: 0x0000000800000000, ArchiveRelocationMode: 0.
Narrow klass base: 0x0000000000000000, Narrow klass shift: 0, Narrow klass range: 0x0

GC Heap History (0 events):
No events

Deoptimization events (0 events):
No events

Classes unloaded (0 events):
No events

Classes redefined (0 events):
No events

Internal exceptions (0 events):
No events

Events (1 events):
Event: 0.027 Loaded shared library C:\Program Files\Java\jdk-15.0.2\bin\java.dll


Dynamic libraries:
0x00007ff7a5c90000 - 0x00007ff7a5c9f000 	C:\Program Files\Java\jdk-15.0.2\bin\java.exe
0x00007ffeda8a0000 - 0x00007ffedaa90000 	C:\WINDOWS\SYSTEM32\ntdll.dll
0x00007ffed9d70000 - 0x00007ffed9e22000 	C:\WINDOWS\System32\KERNEL32.DLL
0x00007ffed7a70000 - 0x00007ffed7d15000 	C:\WINDOWS\System32\KERNELBASE.dll
0x00007ffed7810000 - 0x00007ffed790a000 	C:\WINDOWS\System32\ucrtbase.dll
0x00007ffec77c0000 - 0x00007ffec77d8000 	C:\Program Files\Java\jdk-15.0.2\bin\jli.dll
0x00007ffed9630000 - 0x00007ffed96d3000 	C:\WINDOWS\System32\ADVAPI32.dll
0x00007ffed9c30000 - 0x00007ffed9cce000 	C:\WINDOWS\System32\msvcrt.dll
0x00007ffed92f0000 - 0x00007ffed9387000 	C:\WINDOWS\System32\sechost.dll
0x00007ffed9510000 - 0x00007ffed962f000 	C:\WINDOWS\System32\RPCRT4.dll
0x00007ffeda6c0000 - 0x00007ffeda854000 	C:\WINDOWS\System32\USER32.dll
0x00007ffed8560000 - 0x00007ffed8581000 	C:\WINDOWS\System32\win32u.dll
0x00007ffed9cd0000 - 0x00007ffed9cf6000 	C:\WINDOWS\System32\GDI32.dll
0x00007ffed8590000 - 0x00007ffed8728000 	C:\WINDOWS\System32\gdi32full.dll
0x00007ffed8850000 - 0x00007ffed88ee000 	C:\WINDOWS\System32\msvcp_win.dll
0x00007ffecf860000 - 0x00007ffecf879000 	C:\Program Files\Java\jdk-15.0.2\bin\VCRUNTIME140.dll
0x00007ffecac00000 - 0x00007ffecae84000 	C:\WINDOWS\WinSxS\amd64_microsoft.windows.common-controls_6595b64144ccf1df_6.0.18362.1500_none_9e79be6de462295c\COMCTL32.dll
0x00007ffed96f0000 - 0x00007ffed9a26000 	C:\WINDOWS\System32\combase.dll
0x00007ffed84d0000 - 0x00007ffed8551000 	C:\WINDOWS\System32\bcryptPrimitives.dll
0x00007ffed1640000 - 0x00007ffed164a000 	C:\WINDOWS\SYSTEM32\VERSION.dll
0x00007ffed8d70000 - 0x00007ffed8d9e000 	C:\WINDOWS\System32\IMM32.DLL
0x00007ffecf820000 - 0x00007ffecf82c000 	C:\Program Files\Java\jdk-15.0.2\bin\vcruntime140_1.dll
0x00007ffeb4fe0000 - 0x00007ffeb5071000 	C:\Program Files\Java\jdk-15.0.2\bin\msvcp140.dll
0x00007ffeac2d0000 - 0x00007ffeace2e000 	C:\Program Files\Java\jdk-15.0.2\bin\server\jvm.dll
0x00007ffed9e90000 - 0x00007ffed9e98000 	C:\WINDOWS\System32\PSAPI.DLL
0x00007ffed0050000 - 0x00007ffed0059000 	C:\WINDOWS\SYSTEM32\WSOCK32.dll
0x00007ffed9f50000 - 0x00007ffed9fbf000 	C:\WINDOWS\System32\WS2_32.dll
0x00007ffed43e0000 - 0x00007ffed4404000 	C:\WINDOWS\SYSTEM32\WINMM.dll
0x00007ffed43b0000 - 0x00007ffed43dd000 	C:\WINDOWS\SYSTEM32\WINMMBASE.dll
0x00007ffed8800000 - 0x00007ffed884a000 	C:\WINDOWS\System32\cfgmgr32.dll
0x00007ffed7780000 - 0x00007ffed7791000 	C:\WINDOWS\System32\kernel.appcore.dll
0x00007ffecf7e0000 - 0x00007ffecf7ea000 	C:\Program Files\Java\jdk-15.0.2\bin\jimage.dll
0x00007ffec8710000 - 0x00007ffec8904000 	C:\WINDOWS\SYSTEM32\DBGHELP.DLL
0x00007ffec8340000 - 0x00007ffec836a000 	C:\WINDOWS\SYSTEM32\dbgcore.DLL
0x00007ffece8e0000 - 0x00007ffece905000 	C:\Program Files\Java\jdk-15.0.2\bin\java.dll

dbghelp: loaded successfully - version: 4.0.5 - missing functions: none
symbol engine: initialized successfully - sym options: 0x614 - pdb path: .;C:\Program Files\Java\jdk-15.0.2\bin;C:\WINDOWS\SYSTEM32;C:\WINDOWS\WinSxS\amd64_microsoft.windows.common-controls_6595b64144ccf1df_6.0.18362.1500_none_9e79be6de462295c;C:\Program Files\Java\jdk-15.0.2\bin\server

VM Arguments:
jvm_args: -Dfile.encoding=UTF-8 --module-path=C:\Users\USUARIOWIN\Documents\NetBeansProjects\Actividad3AlexRios66668\build\classes 
java_command: actividad3alexrios66668.Actividad3AlexRios66668
java_class_path (initial): C:\Users\USUARIOWIN\Documents\NetBeansProjects\Actividad3AlexRios66668\build\classes
Launcher Type: SUN_STANDARD

[Global flags]
     intx CICompilerCount                          = 2                                         {product} {ergonomic}
     uint ConcGCThreads                            = 1                                         {product} {ergonomic}
     uint G1ConcRefinementThreads                  = 2                                         {product} {ergonomic}
   size_t G1HeapRegionSize                         = 1048576                                   {product} {ergonomic}
    uintx GCDrainStackTargetSize                   = 64                                        {product} {ergonomic}
   size_t InitialHeapSize                          = 60817408                                  {product} {ergonomic}
   size_t MarkStackSize                            = 4194304                                   {product} {ergonomic}
   size_t MaxHeapSize                              = 958398464                                 {product} {ergonomic}
   size_t MinHeapDeltaBytes                        = 1048576                                   {product} {ergonomic}
   size_t MinHeapSize                              = 8388608                                   {product} {ergonomic}
    uintx NonNMethodCodeHeapSize                   = 5826188                                {pd product} {ergonomic}
    uintx NonProfiledCodeHeapSize                  = 122916026                              {pd product} {ergonomic}
    uintx ProfiledCodeHeapSize                     = 122916026                              {pd product} {ergonomic}
    uintx ReservedCodeCacheSize                    = 251658240                              {pd product} {ergonomic}
     bool SegmentedCodeCache                       = true                                      {product} {ergonomic}
   size_t SoftMaxHeapSize                          = 958398464                              {manageable} {ergonomic}
     bool UseCompressedClassPointers               = true                                 {lp64_product} {ergonomic}
     bool UseCompressedOops                        = true                                 {lp64_product} {ergonomic}
     bool UseG1GC                                  = true                                      {product} {ergonomic}
     bool UseLargePagesIndividualAllocation        = false                                  {pd product} {ergonomic}

Logging:
Log output configuration:
 #0: stdout all=warning uptime,level,tags
 #1: stderr all=off uptime,level,tags

Environment Variables:
PATH=C:\Program Files\Common Files\Oracle\Java\javapath;C:\Program Files (x86)\Common Files\Oracle\Java\javapath;C:\WINDOWS\system32;C:\WINDOWS;C:\WINDOWS\System32\Wbem;C:\WINDOWS\System32\WindowsPowerShell\v1.0\;C:\Program Files (x86)\ATI Technologies\ATI.ACE\Core-Static;C:\WINDOWS\System32\OpenSSH\;C:\Users\USUARIOWIN\AppData\Local\Microsoft\WindowsApps;
USERNAME=USUARIOWIN
OS=Windows_NT
PROCESSOR_IDENTIFIER=AMD64 Family 20 Model 2 Stepping 0, AuthenticAMD



---------------  S Y S T E M  ---------------

OS:
 Windows 10 , 64 bit Build 18362 (10.0.18362.1500)
OS uptime: 2 days 6:15 hours

CPU: total 2 (initial active 2) (2 cores per cpu, 1 threads per core) family 20 model 2 stepping 0 microcode 0x0, cmov, cx8, fxsr, mmx, sse, sse2, sse3, ssse3, popcnt, lzcnt, sse4a, tsc, tscinvbit, tscinv, clflush

Memory: 4k page, system-wide physical 3653M (546M free)
TotalPageFile size 5005M (AvailPageFile size 5M)
current process WorkingSet (physical memory assigned to process): 9M, peak: 9M
current process commit charge ("private bytes"): 12M, peak: 13M

vm_info: Java HotSpot(TM) 64-Bit Server VM (15.0.2+7-27) for windows-amd64 JRE (15.0.2+7-27), built on Dec  7 2020 20:07:01 by "mach5one" with unknown MS VC++:1925

END.
